<?xml version="1.0" encoding="UTF-8"?>
<!-- Generated by org.testng.reporters.JUnitXMLReporter -->
<testsuite ignored="0" hostname="DESKTOP-2C5JRB1" failures="0" tests="3" name="Personal Loan Login" time="0.021" errors="0" timestamp="2019-11-16T10:12:46 CST">
  <testcase classname="testngProject.Testng04PersonalLoan" name="APILoginPersonalLoan" time="0.002"/>
  <testcase classname="testngProject.Testng04PersonalLoan" name="MobileLoginPersonalLoan" time="0.002"/>
  <testcase classname="testngProject.Testng04PersonalLoan" name="WebLoginPersonalLoan" time="0.004"/>
</testsuite> <!-- Personal Loan Login -->
