<?xml version="1.0" encoding="UTF-8"?>
<!-- Generated by org.testng.reporters.JUnitXMLReporter -->
<testsuite ignored="0" hostname="DESKTOP-2C5JRB1" failures="0" tests="4" name="Test" time="0.123" errors="0" timestamp="2019-11-16T10:12:00 CST">
  <testcase classname="testngProject.Testng01Basics" name="FirstTestCase" time="0.021"/>
  <testcase classname="testngProject.Testng01Basics" name="SecondTestCase" time="0.007"/>
  <testcase classname="testngProject.Testng02UseSXML" name="Login" time="0.01"/>
  <testcase classname="testngProject.Testng03XML" name="Login" time="0.003"/>
</testsuite> <!-- Test -->
