<?xml version="1.0" encoding="UTF-8"?>
<!-- Generated by org.testng.reporters.JUnitXMLReporter -->
<testsuite ignored="0" hostname="DESKTOP-2C5JRB1" failures="0" tests="4" name="Testng Basics" time="0.149" errors="0" timestamp="2019-11-16T10:12:46 CST">
  <testcase classname="testngProject.Testng01Basics" name="FirstTestCase" time="0.02"/>
  <testcase classname="testngProject.Testng01Basics" name="SecondTestCase" time="0.007"/>
  <testcase classname="testngProject.Testng02UseSXML" name="Login" time="0.008"/>
  <testcase classname="testngProject.Testng03XML" name="Login" time="0.012"/>
</testsuite> <!-- Testng Basics -->
