<?xml version="1.0" encoding="UTF-8"?>
<!-- Generated by org.testng.reporters.JUnitXMLReporter -->
<testsuite ignored="4" hostname="DESKTOP-2C5JRB1" failures="0" tests="9" name="Login to Loans Portals" time="0.208" errors="0" timestamp="2019-11-16T12:10:11 CST">
  <testcase classname="testng02Loans.Testng02BusinessLoan" name="APILoginBusinessLoan" time="0.044"/>
  <testcase classname="testng02Loans.Testng02BusinessLoan" name="WebLoginBusinessLoan" time="0.003"/>
  <testcase classname="testng02Loans.Testng01PersonalLoan" name="MobileLoginPersonalLoan" time="0.002"/>
  <testcase classname="testng02Loans.Testng01PersonalLoan" name="WebLoginPersonalLoan" time="0.004"/>
  <testcase classname="testng02Loans.Testng03HomeLoan" name="WebLoginHomeLoan" time="0.001"/>
  <testcase classname="testng02Loans.Testng04Annotations" name="Method1" time="0.003"/>
  <testcase classname="testng02Loans.Testng04Annotations" name="Method2" time="0.003"/>
  <testcase classname="testng02Loans.Testng04Annotations" name="Method3" time="0.004"/>
  <testcase classname="testng02Loans.Testng04Annotations" name="Method4" time="0.011"/>
  <testcase classname="testng02Loans.Testng03HomeLoan" name="MobileLoginHomeLoan" time="0.0">
    <ignored/>
  </testcase> <!-- MobileLoginHomeLoan -->
  <testcase classname="testng02Loans.Testng03HomeLoan" name="APILoginHomeLoan" time="0.0">
    <ignored/>
  </testcase> <!-- APILoginHomeLoan -->
  <testcase classname="testng02Loans.Testng02BusinessLoan" name="MobileLoginBusinessLoan" time="0.0">
    <ignored/>
  </testcase> <!-- MobileLoginBusinessLoan -->
  <testcase classname="testng02Loans.Testng01PersonalLoan" name="APILoginPersonalLoan" time="0.0">
    <ignored/>
  </testcase> <!-- APILoginPersonalLoan -->
</testsuite> <!-- Login to Loans Portals -->
