<?xml version="1.0" encoding="UTF-8"?>
<testng-results ignored="4" total="13" passed="9" failed="0" skipped="0">
  <reporter-output>
  </reporter-output>
  <suite started-at="2019-11-16T12:10:10 CST" name="Loans" finished-at="2019-11-16T12:10:10 CST" duration-ms="208">
    <groups>
    </groups>
    <test started-at="2019-11-16T12:10:10 CST" name="Login to Loans Portals" finished-at="2019-11-16T12:10:10 CST" duration-ms="208">
      <class name="testng02Loans.Testng04Annotations">
        <test-method is-config="true" signature="BeforeSuite1()[pri:0, instance:testng02Loans.Testng04Annotations@79ca92b9]" started-at="2019-11-16T12:10:10 CST" name="BeforeSuite1" finished-at="2019-11-16T12:10:10 CST" duration-ms="39" status="PASS">
          <reporter-output>
          </reporter-output>
        </test-method> <!-- BeforeSuite1 -->
        <test-method is-config="true" signature="BeforeTest1()[pri:0, instance:testng02Loans.Testng04Annotations@79ca92b9]" started-at="2019-11-16T12:10:10 CST" name="BeforeTest1" finished-at="2019-11-16T12:10:10 CST" duration-ms="5" status="PASS">
          <reporter-output>
          </reporter-output>
        </test-method> <!-- BeforeTest1 -->
        <test-method is-config="true" signature="BeforeClass1()[pri:0, instance:testng02Loans.Testng04Annotations@79ca92b9]" started-at="2019-11-16T12:10:10 CST" name="BeforeClass1" finished-at="2019-11-16T12:10:10 CST" duration-ms="1" status="PASS">
          <reporter-output>
          </reporter-output>
        </test-method> <!-- BeforeClass1 -->
        <test-method is-config="true" signature="BeforeMethod1()[pri:0, instance:testng02Loans.Testng04Annotations@79ca92b9]" started-at="2019-11-16T12:10:10 CST" name="BeforeMethod1" finished-at="2019-11-16T12:10:10 CST" duration-ms="1" status="PASS">
          <reporter-output>
          </reporter-output>
        </test-method> <!-- BeforeMethod1 -->
        <test-method signature="Method1()[pri:0, instance:testng02Loans.Testng04Annotations@79ca92b9]" started-at="2019-11-16T12:10:10 CST" name="Method1" finished-at="2019-11-16T12:10:10 CST" duration-ms="3" status="PASS">
          <reporter-output>
          </reporter-output>
        </test-method> <!-- Method1 -->
        <test-method is-config="true" signature="AfterMethod1()[pri:0, instance:testng02Loans.Testng04Annotations@79ca92b9]" started-at="2019-11-16T12:10:10 CST" name="AfterMethod1" finished-at="2019-11-16T12:10:10 CST" duration-ms="2" status="PASS">
          <reporter-output>
          </reporter-output>
        </test-method> <!-- AfterMethod1 -->
        <test-method is-config="true" signature="BeforeMethod1()[pri:0, instance:testng02Loans.Testng04Annotations@79ca92b9]" started-at="2019-11-16T12:10:10 CST" name="BeforeMethod1" finished-at="2019-11-16T12:10:10 CST" duration-ms="1" status="PASS">
          <reporter-output>
          </reporter-output>
        </test-method> <!-- BeforeMethod1 -->
        <test-method signature="Method2()[pri:0, instance:testng02Loans.Testng04Annotations@79ca92b9]" started-at="2019-11-16T12:10:10 CST" name="Method2" finished-at="2019-11-16T12:10:10 CST" duration-ms="3" status="PASS">
          <reporter-output>
          </reporter-output>
        </test-method> <!-- Method2 -->
        <test-method is-config="true" signature="AfterMethod1()[pri:0, instance:testng02Loans.Testng04Annotations@79ca92b9]" started-at="2019-11-16T12:10:10 CST" name="AfterMethod1" finished-at="2019-11-16T12:10:10 CST" duration-ms="1" status="PASS">
          <reporter-output>
          </reporter-output>
        </test-method> <!-- AfterMethod1 -->
        <test-method signature="Method3()[pri:0, instance:testng02Loans.Testng04Annotations@79ca92b9]" started-at="2019-11-16T12:10:10 CST" name="Method3" finished-at="2019-11-16T12:10:10 CST" duration-ms="4" status="PASS">
          <reporter-output>
          </reporter-output>
        </test-method> <!-- Method3 -->
        <test-method is-config="true" signature="BeforeMethod1()[pri:0, instance:testng02Loans.Testng04Annotations@79ca92b9]" started-at="2019-11-16T12:10:10 CST" name="BeforeMethod1" finished-at="2019-11-16T12:10:10 CST" duration-ms="0" status="PASS">
          <reporter-output>
          </reporter-output>
        </test-method> <!-- BeforeMethod1 -->
        <test-method is-config="true" signature="AfterMethod1()[pri:0, instance:testng02Loans.Testng04Annotations@79ca92b9]" started-at="2019-11-16T12:10:10 CST" name="AfterMethod1" finished-at="2019-11-16T12:10:10 CST" duration-ms="0" status="PASS">
          <reporter-output>
          </reporter-output>
        </test-method> <!-- AfterMethod1 -->
        <test-method is-config="true" signature="BeforeMethod1()[pri:0, instance:testng02Loans.Testng04Annotations@79ca92b9]" started-at="2019-11-16T12:10:10 CST" name="BeforeMethod1" finished-at="2019-11-16T12:10:10 CST" duration-ms="1" status="PASS">
          <reporter-output>
          </reporter-output>
        </test-method> <!-- BeforeMethod1 -->
        <test-method signature="Method4()[pri:0, instance:testng02Loans.Testng04Annotations@79ca92b9]" started-at="2019-11-16T12:10:10 CST" name="Method4" finished-at="2019-11-16T12:10:10 CST" duration-ms="11" status="PASS">
          <reporter-output>
          </reporter-output>
        </test-method> <!-- Method4 -->
        <test-method is-config="true" signature="AfterMethod1()[pri:0, instance:testng02Loans.Testng04Annotations@79ca92b9]" started-at="2019-11-16T12:10:10 CST" name="AfterMethod1" finished-at="2019-11-16T12:10:10 CST" duration-ms="5" status="PASS">
          <reporter-output>
          </reporter-output>
        </test-method> <!-- AfterMethod1 -->
        <test-method is-config="true" signature="AfterClass1()[pri:0, instance:testng02Loans.Testng04Annotations@79ca92b9]" started-at="2019-11-16T12:10:10 CST" name="AfterClass1" finished-at="2019-11-16T12:10:10 CST" duration-ms="3" status="PASS">
          <reporter-output>
          </reporter-output>
        </test-method> <!-- AfterClass1 -->
        <test-method is-config="true" signature="AfterTest1()[pri:0, instance:testng02Loans.Testng04Annotations@79ca92b9]" started-at="2019-11-16T12:10:10 CST" name="AfterTest1" finished-at="2019-11-16T12:10:10 CST" duration-ms="2" status="PASS">
          <reporter-output>
          </reporter-output>
        </test-method> <!-- AfterTest1 -->
        <test-method is-config="true" signature="AfterSuite1()[pri:0, instance:testng02Loans.Testng04Annotations@79ca92b9]" started-at="2019-11-16T12:10:11 CST" name="AfterSuite1" finished-at="2019-11-16T12:10:11 CST" duration-ms="0" status="PASS">
          <reporter-output>
          </reporter-output>
        </test-method> <!-- AfterSuite1 -->
      </class> <!-- testng02Loans.Testng04Annotations -->
      <class name="testng02Loans.Testng03HomeLoan">
        <test-method signature="WebLoginHomeLoan()[pri:0, instance:testng02Loans.Testng03HomeLoan@6e75aa0d]" started-at="2019-11-16T12:10:10 CST" name="WebLoginHomeLoan" finished-at="2019-11-16T12:10:10 CST" duration-ms="1" status="PASS">
          <reporter-output>
          </reporter-output>
        </test-method> <!-- WebLoginHomeLoan -->
      </class> <!-- testng02Loans.Testng03HomeLoan -->
      <class name="testng02Loans.Testng02BusinessLoan">
        <test-method signature="APILoginBusinessLoan()[pri:0, instance:testng02Loans.Testng02BusinessLoan@4f638935]" started-at="2019-11-16T12:10:10 CST" name="APILoginBusinessLoan" finished-at="2019-11-16T12:10:10 CST" duration-ms="44" status="PASS">
          <reporter-output>
          </reporter-output>
        </test-method> <!-- APILoginBusinessLoan -->
        <test-method signature="WebLoginBusinessLoan()[pri:0, instance:testng02Loans.Testng02BusinessLoan@4f638935]" started-at="2019-11-16T12:10:10 CST" name="WebLoginBusinessLoan" finished-at="2019-11-16T12:10:10 CST" duration-ms="3" status="PASS">
          <reporter-output>
          </reporter-output>
        </test-method> <!-- WebLoginBusinessLoan -->
      </class> <!-- testng02Loans.Testng02BusinessLoan -->
      <class name="testng02Loans.Testng01PersonalLoan">
        <test-method signature="MobileLoginPersonalLoan()[pri:0, instance:testng02Loans.Testng01PersonalLoan@4387b79e]" started-at="2019-11-16T12:10:10 CST" name="MobileLoginPersonalLoan" finished-at="2019-11-16T12:10:10 CST" duration-ms="2" status="PASS">
          <reporter-output>
          </reporter-output>
        </test-method> <!-- MobileLoginPersonalLoan -->
        <test-method signature="WebLoginPersonalLoan()[pri:0, instance:testng02Loans.Testng01PersonalLoan@4387b79e]" started-at="2019-11-16T12:10:10 CST" name="WebLoginPersonalLoan" finished-at="2019-11-16T12:10:10 CST" duration-ms="4" status="PASS">
          <reporter-output>
          </reporter-output>
        </test-method> <!-- WebLoginPersonalLoan -->
      </class> <!-- testng02Loans.Testng01PersonalLoan -->
    </test> <!-- Login to Loans Portals -->
  </suite> <!-- Loans -->
</testng-results>
