<?xml version="1.0" encoding="UTF-8"?>
<!-- Generated by org.testng.reporters.JUnitXMLReporter -->
<testsuite ignored="0" hostname="DESKTOP-2C5JRB1" failures="0" tests="4" name="Default test" time="0.117" errors="0" timestamp="2019-11-16T11:21:18 CST">
  <testcase classname="testng02Loans.Testng04Annotations" name="Method1" time="0.01"/>
  <testcase classname="testng02Loans.Testng04Annotations" name="Method2" time="0.008"/>
  <testcase classname="testng02Loans.Testng04Annotations" name="Method3" time="0.007"/>
  <testcase classname="testng02Loans.Testng04Annotations" name="Method4" time="0.002"/>
</testsuite> <!-- Default test -->
